[6222] error @0.031587> [hit #133]request to GET /aulas crashed: core - template - file error - parse error - /usr/local/dancer-layout-bootstrap/views/videoplayer.tt line 83-226: unexpected token (/h2)
  [% VIDEONAME</h2>
                        <video width="270" height="214"  id="demo1">
                            <source src="http://www.808.dk/pics/video/gizmo.ogv" type="video/ogg"> 
                            <source src="http://www.808.dk/pics/video/gizmo.mp4" type="video/mp4">
                            Your browser does not support the video tag.
                        </video>
                         <h3><% VIDEO SIZE</h3>
                    </div>
                </a>
              </li>
              <li class="span3">
               
                      <div class="videoUiWrapper thumbnail">
                         <h2>Aula 2</h2>
                        <video width="270" height="214"  id="demo2">
                            <source src="http://ia700305.us.archive.org/18/items/CopyingIsNotTheft/CINT_Nik_H264_720.ogv" type="video/ogg"> 
                            <source src="http://ia700305.us.archive.org/18/items/CopyingIsNotTheft/CINT_Nik_H264_720_512kb.mp4" type="video/mp4">
                            Your browser does not support the video tag.
                        </video>
                    </div>
                </a>
              </li>
              <li class="span3">
               
                      <div class="videoUiWrapper thumbnail">
                         <h2>Aula 3</h2>
                        <video width="270" height="214"  id="demo3">
                            <source src="http://www.w3schools.com/html/mov_bbb.ogg" type="video/ogg"> 
                            <source src="http://www.w3schools.com/html/mov_bbb.mp4" type="video/mp4">
                            Your browser does not support the video tag.
                        </video>
                    </div>
                </a>
              </li>
              <li class="span3">
               
                     <div class="videoUiWrapper thumbnail">
                         <h2>Aula 4</h2>
                        <video width="270" height="214"  id="demo4">
                            <source src="http://www.w3schools.com/html/movie.ogg" type="video/ogg"> 
                            <source src="http://www.w3schools.com/html/movie.mp4" type="video/mp4">
                            Your browser does not support the video tag.
                        </video>
                    </div>
                </a>
              </li>
            </ul>
          </div>

             <div class="row-fluid">
            <ul class="thumbnails">
              <li class="span3">
               
                     <div class="videoUiWrapper thumbnail">
                        <h2>Aula 1</h2>
                        <video width="270" height="214"  id="demo1">
                            <source src="http://www.808.dk/pics/video/gizmo.ogv" type="video/ogg"> 
                            <source src="http://www.808.dk/pics/video/gizmo.mp4" type="video/mp4">
                            Your browser does not support the video tag.
                        </video>
                    </div>
                </a>
              </li>
              <li class="span3">
               
                      <div class="videoUiWrapper thumbnail">
                         <h2>Aula 2</h2>
                        <video width="270" height="214"  id="demo2">
                            <source src="http://ia700305.us.archive.org/18/items/CopyingIsNotTheft/CINT_Nik_H264_720.ogv" type="video/ogg"> 
                            <source src="http://ia700305.us.archive.org/18/items/CopyingIsNotTheft/CINT_Nik_H264_720_512kb.mp4" type="video/mp4">
                            Your browser does not support the video tag.
                        </video>
                    </div>
                </a>
              </li>
              <li class="span3">
               
                      <div class="videoUiWrapper thumbnail">
                         <h2>Aula 3</h2>
                        <video width="270" height="214"  id="demo3">
                            <source src="http://www.w3schools.com/html/mov_bbb.ogg" type="video/ogg"> 
                            <source src="http://www.w3schools.com/html/mov_bbb.mp4" type="video/mp4">
                            Your browser does not support the video tag.
                        </video>
                    </div>
                </a>
              </li>
              <li class="span3">
               
                     <div class="videoUiWrapper thumbnail">
                         <h2>Aula 4</h2>
                        <video width="270" height="214"  id="demo4">
                            <source src="http://www.w3schools.com/html/movie.ogg" type="video/ogg"> 
                            <source src="http://www.w3schools.com/html/movie.mp4" type="video/mp4">
                            Your browser does not support the video tag.
                        </video>
                    </div>
                </a>
              </li>
            </ul>
          </div>




              



<!--END  -->
          </div>

            <footer>
<br>
            </footer>
        </div>
        <script type="text/javascript" src="js/jquery-1.8.1.min.js"></script>
        <script type="text/javascript" src="js/jquery.video-ui.js"></script>
        <script type="text/javascript" >
            $('#demo1').videoUI({
		'playMedia':true,
		'autoHide':false,
 		 'volumeMedia': 1
});
            $('#demo2').videoUI({
        'playMedia':true,
        'autoHide':false,
         'volumeMedia': 1
});

                  $('#demo3').videoUI({
        'playMedia':true,
        'autoHide':false,
         'volumeMedia': 1
});

                        $('#demo4').videoUI({
        'playMedia':true,
        'autoHide':false,
         'volumeMedia': 1
});

        </script>
<% ELSE %] at /usr/local/share/perl/5.14.2/Dancer/Template/Abstract.pm line 89. in /usr/local/share/perl/5.14.2/Dancer/Handler.pm l. 98
[6222] error @0.023417> [hit #135]request to GET /aulas crashed: core - template - file error - parse error - /usr/local/dancer-layout-bootstrap/views/videoplayer.tt line 83-226: unexpected token (/h2)
  [% VIDEONAME</h2>
                        <video width="270" height="214"  id="demo1">
                            <source src="http://www.808.dk/pics/video/gizmo.ogv" type="video/ogg"> 
                            <source src="http://www.808.dk/pics/video/gizmo.mp4" type="video/mp4">
                            Your browser does not support the video tag.
                        </video>
                         <h3><% VIDEO SIZE</h3>
                    </div>
                </a>
              </li>
              <li class="span3">
               
                      <div class="videoUiWrapper thumbnail">
                         <h2>Aula 2</h2>
                        <video width="270" height="214"  id="demo2">
                            <source src="http://ia700305.us.archive.org/18/items/CopyingIsNotTheft/CINT_Nik_H264_720.ogv" type="video/ogg"> 
                            <source src="http://ia700305.us.archive.org/18/items/CopyingIsNotTheft/CINT_Nik_H264_720_512kb.mp4" type="video/mp4">
                            Your browser does not support the video tag.
                        </video>
                    </div>
                </a>
              </li>
              <li class="span3">
               
                      <div class="videoUiWrapper thumbnail">
                         <h2>Aula 3</h2>
                        <video width="270" height="214"  id="demo3">
                            <source src="http://www.w3schools.com/html/mov_bbb.ogg" type="video/ogg"> 
                            <source src="http://www.w3schools.com/html/mov_bbb.mp4" type="video/mp4">
                            Your browser does not support the video tag.
                        </video>
                    </div>
                </a>
              </li>
              <li class="span3">
               
                     <div class="videoUiWrapper thumbnail">
                         <h2>Aula 4</h2>
                        <video width="270" height="214"  id="demo4">
                            <source src="http://www.w3schools.com/html/movie.ogg" type="video/ogg"> 
                            <source src="http://www.w3schools.com/html/movie.mp4" type="video/mp4">
                            Your browser does not support the video tag.
                        </video>
                    </div>
                </a>
              </li>
            </ul>
          </div>

             <div class="row-fluid">
            <ul class="thumbnails">
              <li class="span3">
               
                     <div class="videoUiWrapper thumbnail">
                        <h2>Aula 1</h2>
                        <video width="270" height="214"  id="demo1">
                            <source src="http://www.808.dk/pics/video/gizmo.ogv" type="video/ogg"> 
                            <source src="http://www.808.dk/pics/video/gizmo.mp4" type="video/mp4">
                            Your browser does not support the video tag.
                        </video>
                    </div>
                </a>
              </li>
              <li class="span3">
               
                      <div class="videoUiWrapper thumbnail">
                         <h2>Aula 2</h2>
                        <video width="270" height="214"  id="demo2">
                            <source src="http://ia700305.us.archive.org/18/items/CopyingIsNotTheft/CINT_Nik_H264_720.ogv" type="video/ogg"> 
                            <source src="http://ia700305.us.archive.org/18/items/CopyingIsNotTheft/CINT_Nik_H264_720_512kb.mp4" type="video/mp4">
                            Your browser does not support the video tag.
                        </video>
                    </div>
                </a>
              </li>
              <li class="span3">
               
                      <div class="videoUiWrapper thumbnail">
                         <h2>Aula 3</h2>
                        <video width="270" height="214"  id="demo3">
                            <source src="http://www.w3schools.com/html/mov_bbb.ogg" type="video/ogg"> 
                            <source src="http://www.w3schools.com/html/mov_bbb.mp4" type="video/mp4">
                            Your browser does not support the video tag.
                        </video>
                    </div>
                </a>
              </li>
              <li class="span3">
               
                     <div class="videoUiWrapper thumbnail">
                         <h2>Aula 4</h2>
                        <video width="270" height="214"  id="demo4">
                            <source src="http://www.w3schools.com/html/movie.ogg" type="video/ogg"> 
                            <source src="http://www.w3schools.com/html/movie.mp4" type="video/mp4">
                            Your browser does not support the video tag.
                        </video>
                    </div>
                </a>
              </li>
            </ul>
          </div>




              



<!--END  -->
          </div>

            <footer>
<br>
            </footer>
        </div>
        <script type="text/javascript" src="js/jquery-1.8.1.min.js"></script>
        <script type="text/javascript" src="js/jquery.video-ui.js"></script>
        <script type="text/javascript" >
            $('#demo1').videoUI({
		'playMedia':true,
		'autoHide':false,
 		 'volumeMedia': 1
});
            $('#demo2').videoUI({
        'playMedia':true,
        'autoHide':false,
         'volumeMedia': 1
});

                  $('#demo3').videoUI({
        'playMedia':true,
        'autoHide':false,
         'volumeMedia': 1
});

                        $('#demo4').videoUI({
        'playMedia':true,
        'autoHide':false,
         'volumeMedia': 1
});

        </script>
<% ELSE %] at /usr/local/share/perl/5.14.2/Dancer/Template/Abstract.pm line 89. in /usr/local/share/perl/5.14.2/Dancer/Handler.pm l. 98
[6222] error @0.020081> [hit #156]request to GET /aulas crashed: core - template - file error - parse error - /usr/local/dancer-layout-bootstrap/views/videoplayer.tt line 83-226: unexpected token (/h2)
  [% VIDEONAME</h2>
                        <video width="270" height="214"  id="demo1">
                            <source src="http://www.808.dk/pics/video/gizmo.ogv" type="video/ogg"> 
                            <source src="http://www.808.dk/pics/video/gizmo.mp4" type="video/mp4">
                            Your browser does not support the video tag.
                        </video>
                         <h3><% VIDEO SIZE</h3>
                    </div>
                </a>
              </li>
              <li class="span3">
               
                      <div class="videoUiWrapper thumbnail">
                         <h2>Aula 2</h2>
                        <video width="270" height="214"  id="demo2">
                            <source src="http://ia700305.us.archive.org/18/items/CopyingIsNotTheft/CINT_Nik_H264_720.ogv" type="video/ogg"> 
                            <source src="http://ia700305.us.archive.org/18/items/CopyingIsNotTheft/CINT_Nik_H264_720_512kb.mp4" type="video/mp4">
                            Your browser does not support the video tag.
                        </video>
                    </div>
                </a>
              </li>
              <li class="span3">
               
                      <div class="videoUiWrapper thumbnail">
                         <h2>Aula 3</h2>
                        <video width="270" height="214"  id="demo3">
                            <source src="http://www.w3schools.com/html/mov_bbb.ogg" type="video/ogg"> 
                            <source src="http://www.w3schools.com/html/mov_bbb.mp4" type="video/mp4">
                            Your browser does not support the video tag.
                        </video>
                    </div>
                </a>
              </li>
              <li class="span3">
               
                     <div class="videoUiWrapper thumbnail">
                         <h2>Aula 4</h2>
                        <video width="270" height="214"  id="demo4">
                            <source src="http://www.w3schools.com/html/movie.ogg" type="video/ogg"> 
                            <source src="http://www.w3schools.com/html/movie.mp4" type="video/mp4">
                            Your browser does not support the video tag.
                        </video>
                    </div>
                </a>
              </li>
            </ul>
          </div>

             <div class="row-fluid">
            <ul class="thumbnails">
              <li class="span3">
               
                     <div class="videoUiWrapper thumbnail">
                        <h2>Aula 1</h2>
                        <video width="270" height="214"  id="demo1">
                            <source src="http://www.808.dk/pics/video/gizmo.ogv" type="video/ogg"> 
                            <source src="http://www.808.dk/pics/video/gizmo.mp4" type="video/mp4">
                            Your browser does not support the video tag.
                        </video>
                    </div>
                </a>
              </li>
              <li class="span3">
               
                      <div class="videoUiWrapper thumbnail">
                         <h2>Aula 2</h2>
                        <video width="270" height="214"  id="demo2">
                            <source src="http://ia700305.us.archive.org/18/items/CopyingIsNotTheft/CINT_Nik_H264_720.ogv" type="video/ogg"> 
                            <source src="http://ia700305.us.archive.org/18/items/CopyingIsNotTheft/CINT_Nik_H264_720_512kb.mp4" type="video/mp4">
                            Your browser does not support the video tag.
                        </video>
                    </div>
                </a>
              </li>
              <li class="span3">
               
                      <div class="videoUiWrapper thumbnail">
                         <h2>Aula 3</h2>
                        <video width="270" height="214"  id="demo3">
                            <source src="http://www.w3schools.com/html/mov_bbb.ogg" type="video/ogg"> 
                            <source src="http://www.w3schools.com/html/mov_bbb.mp4" type="video/mp4">
                            Your browser does not support the video tag.
                        </video>
                    </div>
                </a>
              </li>
              <li class="span3">
               
                     <div class="videoUiWrapper thumbnail">
                         <h2>Aula 4</h2>
                        <video width="270" height="214"  id="demo4">
                            <source src="http://www.w3schools.com/html/movie.ogg" type="video/ogg"> 
                            <source src="http://www.w3schools.com/html/movie.mp4" type="video/mp4">
                            Your browser does not support the video tag.
                        </video>
                    </div>
                </a>
              </li>
            </ul>
          </div>




              



<!--END  -->
          </div>

            <footer>
<br>
            </footer>
        </div>
        <script type="text/javascript" src="js/jquery-1.8.1.min.js"></script>
        <script type="text/javascript" src="js/jquery.video-ui.js"></script>
        <script type="text/javascript" >
            $('#demo1').videoUI({
		'playMedia':true,
		'autoHide':false,
 		 'volumeMedia': 1
});
            $('#demo2').videoUI({
        'playMedia':true,
        'autoHide':false,
         'volumeMedia': 1
});

                  $('#demo3').videoUI({
        'playMedia':true,
        'autoHide':false,
         'volumeMedia': 1
});

                        $('#demo4').videoUI({
        'playMedia':true,
        'autoHide':false,
         'volumeMedia': 1
});

        </script>
<% ELSE %] at /usr/local/share/perl/5.14.2/Dancer/Template/Abstract.pm line 89. in /usr/local/share/perl/5.14.2/Dancer/Handler.pm l. 98
